app/build/intermediates/manifest_merge_blame_file/debug/manifest-merger-blame-debug-report.txt
1<?xml version="1.0" encoding="utf-8"?>
2<manifest xmlns:android="http://schemas.android.com/apk/res/android"
3    package="com.example.android.populartvapp"
4    android:versionCode="1"
5    android:versionName="1.0" >
6
7    <uses-sdk
8        android:minSdkVersion="22"
8-->src\main\AndroidManifest.xml
9        android:targetSdkVersion="30" />
9-->src\main\AndroidManifest.xml
10
11    <uses-permission android:name="android.permission.INTERNET" />
11-->src\main\AndroidManifest.xml:6:5-67
11-->src\main\AndroidManifest.xml:6:22-64
12    <uses-permission android:name="android.permission.ACCESS_NETWORK_STATE" />
12-->src\main\AndroidManifest.xml:7:5-79
12-->src\main\AndroidManifest.xml:7:22-76
13
14    <application
14-->src\main\AndroidManifest.xml:9:5-50:19
15        android:allowBackup="true"
15-->src\main\AndroidManifest.xml:10:9-35
16        android:appComponentFactory="androidx.core.app.CoreComponentFactory"
16-->[androidx.core:core:1.3.1] AndroidManifest.xml:24:18-86
17        android:debuggable="true"
18        android:icon="@mipmap/ic_launcher"
18-->src\main\AndroidManifest.xml:11:9-43
19        android:label="Nobar TV Series"
19-->src\main\AndroidManifest.xml:12:9-40
20        android:roundIcon="@mipmap/ic_launcher_round"
20-->src\main\AndroidManifest.xml:13:9-54
21        android:supportsRtl="true"
21-->src\main\AndroidManifest.xml:14:9-35
22        android:testOnly="true"
23        android:theme="@style/AppTheme" >
23-->src\main\AndroidManifest.xml:15:9-40
24        <activity
24-->src\main\AndroidManifest.xml:16:9-19:40
25            android:name="com.example.android.populartvapp.MainActivity"
25-->src\main\AndroidManifest.xml:16:19-47
26            android:label="TV Series"
26-->src\main\AndroidManifest.xml:19:13-38
27            android:screenOrientation="portrait"
27-->src\main\AndroidManifest.xml:17:13-49
28            android:theme="@style/AppTheme.NoActionBar" />
28-->src\main\AndroidManifest.xml:18:13-56
29        <activity
29-->src\main\AndroidManifest.xml:20:9-28:20
30            android:name="com.example.android.populartvapp.DetailActivity"
30-->src\main\AndroidManifest.xml:21:13-43
31            android:label="Detail Activity"
31-->src\main\AndroidManifest.xml:22:13-44
32            android:screenOrientation="portrait"
32-->src\main\AndroidManifest.xml:23:13-49
33            android:theme="@style/AppTheme.NoActionBarTranslucent" >
33-->src\main\AndroidManifest.xml:24:13-67
34            <meta-data
34-->src\main\AndroidManifest.xml:25:13-27:81
35                android:name="android.support.PARENT_ACTIVITY"
35-->src\main\AndroidManifest.xml:26:17-63
36                android:value="com.example.android.populartvapp.MainActivity" />
36-->src\main\AndroidManifest.xml:27:17-78
37        </activity>
38        <activity
38-->src\main\AndroidManifest.xml:29:9-35:20
39            android:name="com.example.android.populartvapp.AboutActivity"
39-->src\main\AndroidManifest.xml:30:13-42
40            android:label="About" >
40-->src\main\AndroidManifest.xml:31:13-34
41            <meta-data
41-->src\main\AndroidManifest.xml:25:13-27:81
42                android:name="android.support.PARENT_ACTIVITY"
42-->src\main\AndroidManifest.xml:26:17-63
43                android:value="com.example.android.populartvapp.MainActivity" />
43-->src\main\AndroidManifest.xml:27:17-78
44        </activity>
45        <activity
45-->src\main\AndroidManifest.xml:36:9-40:45
46            android:name="com.example.android.populartvapp.IntroActivity"
46-->src\main\AndroidManifest.xml:37:13-42
47            android:label="My Custom AppIntro"
47-->src\main\AndroidManifest.xml:38:13-47
48            android:theme="@style/Theme.AppCompat.NoActionBar" />
48-->src\main\AndroidManifest.xml:39:13-63
49        <activity
49-->src\main\AndroidManifest.xml:41:9-49:20
50            android:name="com.example.android.populartvapp.SplashscreenActivity"
50-->src\main\AndroidManifest.xml:42:13-49
51            android:theme="@style/Theme.AppCompat.NoActionBar" >
51-->src\main\AndroidManifest.xml:43:13-63
52            <intent-filter>
52-->src\main\AndroidManifest.xml:44:13-48:29
53                <action android:name="android.intent.action.MAIN" />
53-->src\main\AndroidManifest.xml:45:17-69
53-->src\main\AndroidManifest.xml:45:25-66
54
55                <category android:name="android.intent.category.LAUNCHER" />
55-->src\main\AndroidManifest.xml:47:17-77
55-->src\main\AndroidManifest.xml:47:27-74
56            </intent-filter>
57        </activity>
58
59        <service
59-->[androidx.room:room-runtime:2.2.5] AndroidManifest.xml:25:9-28:40
60            android:name="androidx.room.MultiInstanceInvalidationService"
60-->[androidx.room:room-runtime:2.2.5] AndroidManifest.xml:26:13-74
61            android:directBootAware="true"
61-->[androidx.room:room-runtime:2.2.5] AndroidManifest.xml:27:13-43
62            android:exported="false" />
62-->[androidx.room:room-runtime:2.2.5] AndroidManifest.xml:28:13-37
63
64        <provider
64-->[androidx.lifecycle:lifecycle-process:2.0.0] AndroidManifest.xml:23:9-27:43
65            android:name="androidx.lifecycle.ProcessLifecycleOwnerInitializer"
65-->[androidx.lifecycle:lifecycle-process:2.0.0] AndroidManifest.xml:24:13-79
66            android:authorities="com.example.android.populartvapp.lifecycle-process"
66-->[androidx.lifecycle:lifecycle-process:2.0.0] AndroidManifest.xml:25:13-69
67            android:exported="false"
67-->[androidx.lifecycle:lifecycle-process:2.0.0] AndroidManifest.xml:26:13-37
68            android:multiprocess="true" />
68-->[androidx.lifecycle:lifecycle-process:2.0.0] AndroidManifest.xml:27:13-40
69    </application>
70
71</manifest>